<?xml version="1.0" encoding="UTF-8"?>
<!-- Generated by org.testng.reporters.JUnitReportReporter -->
<testsuite hostname="abdulraheemPC" failures="0" tests="15" name="Mytestcases" time="0.904" errors="0" timestamp="2025-01-08T21:24:00 GMT+03:00" skipped="14">
  <testcase classname="Mytestcases" name="Download_file_to_test" time="0.904"/>
  <system-out/>
  <testcase classname="Mytestcases" name="Web_Table_Example">
    <skipped/>
  </testcase> <!-- Web_Table_Example -->
  <system-out/>
  <testcase classname="Mytestcases" name="Calendar_Example">
    <skipped/>
  </testcase> <!-- Calendar_Example -->
  <system-out/>
  <testcase classname="Mytestcases" name="Mouse_Hover_Example">
    <skipped/>
  </testcase> <!-- Mouse_Hover_Example -->
  <system-out/>
  <testcase classname="Mytestcases" name="Radio_Button_Example">
    <skipped/>
  </testcase> <!-- Radio_Button_Example -->
  <system-out/>
  <testcase classname="Mytestcases" name="Checkbox_Example">
    <skipped/>
  </testcase> <!-- Checkbox_Example -->
  <system-out/>
  <testcase classname="Mytestcases" name="iFrame_Example">
    <skipped/>
  </testcase> <!-- iFrame_Example -->
  <system-out/>
  <testcase classname="Mytestcases" name="Switch_Window_Example">
    <skipped/>
  </testcase> <!-- Switch_Window_Example -->
  <system-out/>
  <testcase classname="Mytestcases" name="Switch_To_Alert_Example">
    <skipped/>
  </testcase> <!-- Switch_To_Alert_Example -->
  <system-out/>
  <testcase classname="Mytestcases" name="Element_Displayed_Example">
    <skipped/>
  </testcase> <!-- Element_Displayed_Example -->
  <system-out/>
  <testcase classname="Mytestcases" name="CheckTheTitle">
    <skipped/>
  </testcase> <!-- CheckTheTitle -->
  <system-out/>
  <testcase classname="Mytestcases" name="Static_Dropdown_Example">
    <skipped/>
  </testcase> <!-- Static_Dropdown_Example -->
  <system-out/>
  <testcase classname="Mytestcases" name="Enabled_Disabled_Example">
    <skipped/>
  </testcase> <!-- Enabled_Disabled_Example -->
  <system-out/>
  <testcase classname="Mytestcases" name="Switch_Tab_Example">
    <skipped/>
  </testcase> <!-- Switch_Tab_Example -->
  <system-out/>
  <testcase classname="Mytestcases" name="Dynamic_Dropdown_Example">
    <skipped/>
  </testcase> <!-- Dynamic_Dropdown_Example -->
  <system-out/>
</testsuite> <!-- Mytestcases -->
