<?xml version="1.0" encoding="UTF-8"?>
<!-- Generated by org.testng.reporters.JUnitReportReporter -->
<testsuite hostname="abdulraheemPC" failures="0" tests="10" name="Mytestcases" time="1.660" errors="0" timestamp="2025-01-07T21:42:46 GMT+03:00" skipped="9">
  <testcase classname="Mytestcases" name="Checkbox_Example" time="1.660"/>
  <system-out/>
  <testcase classname="Mytestcases" name="Switch_Window_Example">
    <skipped/>
  </testcase> <!-- Switch_Window_Example -->
  <system-out/>
  <testcase classname="Mytestcases" name="Switch_To_Alert_Example">
    <skipped/>
  </testcase> <!-- Switch_To_Alert_Example -->
  <system-out/>
  <testcase classname="Mytestcases" name="Web_Table_Example">
    <skipped/>
  </testcase> <!-- Web_Table_Example -->
  <system-out/>
  <testcase classname="Mytestcases" name="Element_Displayed_Example">
    <skipped/>
  </testcase> <!-- Element_Displayed_Example -->
  <system-out/>
  <testcase classname="Mytestcases" name="CheckTheTitle">
    <skipped/>
  </testcase> <!-- CheckTheTitle -->
  <system-out/>
  <testcase classname="Mytestcases" name="Static_Dropdown_Example">
    <skipped/>
  </testcase> <!-- Static_Dropdown_Example -->
  <system-out/>
  <testcase classname="Mytestcases" name="Switch_Tab_Example">
    <skipped/>
  </testcase> <!-- Switch_Tab_Example -->
  <system-out/>
  <testcase classname="Mytestcases" name="Dynamic_Dropdown_Example">
    <skipped/>
  </testcase> <!-- Dynamic_Dropdown_Example -->
  <system-out/>
  <testcase classname="Mytestcases" name="Radio_Button_Example">
    <skipped/>
  </testcase> <!-- Radio_Button_Example -->
  <system-out/>
</testsuite> <!-- Mytestcases -->
